[0m12:38:38.627147 [debug] [MainThread]: Sending event: {'category': 'dbt', 'action': 'invocation', 'label': 'start', 'context': [<snowplow_tracker.self_describing_json.SelfDescribingJson object at 0x000002995490DA90>, <snowplow_tracker.self_describing_json.SelfDescribingJson object at 0x000002995497AB50>, <snowplow_tracker.self_describing_json.SelfDescribingJson object at 0x000002995497AF50>]}


============================== 12:38:38.631654 | 69fcef20-c074-410f-b0fb-2d406a21be21 ==============================
[0m12:38:38.631654 [info ] [MainThread]: Running with dbt=1.11.7
[0m12:38:38.632654 [debug] [MainThread]: running dbt with arguments {'version_check': 'True', 'no_print': 'None', 'static_parser': 'True', 'target_path': 'None', 'warn_error_options': 'WarnErrorOptionsV2(error=[], warn=[], silence=[])', 'printer_width': '80', 'write_json': 'True', 'empty': 'None', 'log_cache_events': 'False', 'introspect': 'True', 'cache_selected_only': 'False', 'log_format': 'default', 'debug': 'False', 'fail_fast': 'False', 'profiles_dir': 'C:\\Users\\andy-\\.dbt', 'send_anonymous_usage_stats': 'True', 'quiet': 'False', 'warn_error': 'None', 'partial_parse': 'True', 'indirect_selection': 'eager', 'invocation_command': 'dbt init', 'use_colors': 'True', 'use_experimental_parser': 'False', 'log_path': 'logs'}
[0m12:38:38.662946 [info ] [MainThread]: Creating dbt configuration folder at C:\Users\andy-\.dbt
[0m12:38:48.254634 [debug] [MainThread]: Starter project path: C:\Users\andy-\anaconda3\envs\finance_pipeline\Lib\site-packages\dbt\include\starter_project
[0m12:38:48.289868 [info ] [MainThread]: 
Your new dbt project "finance_pipeline" was created!

For more information on how to configure the profiles.yml file,
please consult the dbt documentation here:

  https://docs.getdbt.com/docs/configure-your-profile

One more thing:

Need help? Don't hesitate to reach out to us via GitHub issues or on Slack:

  https://community.getdbt.com/

Happy modeling!

[0m12:38:48.290866 [info ] [MainThread]: Setting up your profile.
[0m12:52:41.401219 [info ] [MainThread]: Profile finance_pipeline written to C:\Users\andy-\.dbt\profiles.yml using target's profile_template.yml and your supplied values. Run 'dbt debug' to validate the connection.
[0m12:52:41.402222 [debug] [MainThread]: Command `dbt init` succeeded at 12:52:41.402222 after 842.62 seconds
[0m12:52:41.403730 [debug] [MainThread]: Sending event: {'category': 'dbt', 'action': 'invocation', 'label': 'end', 'context': [<snowplow_tracker.self_describing_json.SelfDescribingJson object at 0x000002995115AE10>, <snowplow_tracker.self_describing_json.SelfDescribingJson object at 0x000002994DA9F810>, <snowplow_tracker.self_describing_json.SelfDescribingJson object at 0x000002994DA9F410>]}
[0m12:52:41.403730 [debug] [MainThread]: Flushing usage events
[0m12:52:41.826781 [debug] [MainThread]: An error was encountered while trying to flush usage events
[0m12:57:41.405541 [debug] [MainThread]: Sending event: {'category': 'dbt', 'action': 'invocation', 'label': 'start', 'context': [<snowplow_tracker.self_describing_json.SelfDescribingJson object at 0x0000016ADC7EBE90>, <snowplow_tracker.self_describing_json.SelfDescribingJson object at 0x0000016ADC7EDCD0>, <snowplow_tracker.self_describing_json.SelfDescribingJson object at 0x0000016ADC852E10>]}


============================== 12:57:41.409732 | 7cf8b241-a0f7-4935-9cf8-adf5ff49e608 ==============================
[0m12:57:41.409732 [info ] [MainThread]: Running with dbt=1.11.7
[0m12:57:41.409732 [debug] [MainThread]: running dbt with arguments {'static_parser': 'True', 'no_print': 'None', 'version_check': 'True', 'warn_error_options': 'WarnErrorOptionsV2(error=[], warn=[], silence=[])', 'target_path': 'None', 'printer_width': '80', 'write_json': 'True', 'introspect': 'True', 'log_cache_events': 'False', 'empty': 'None', 'cache_selected_only': 'False', 'fail_fast': 'False', 'debug': 'False', 'log_format': 'default', 'partial_parse': 'True', 'send_anonymous_usage_stats': 'True', 'quiet': 'False', 'warn_error': 'None', 'profiles_dir': 'C:\\Users\\andy-\\.dbt', 'indirect_selection': 'eager', 'invocation_command': 'dbt debug', 'use_colors': 'True', 'use_experimental_parser': 'False', 'log_path': 'logs'}
[0m12:57:41.431285 [info ] [MainThread]: dbt version: 1.11.7
[0m12:57:41.432284 [info ] [MainThread]: python version: 3.11.15
[0m12:57:41.432284 [info ] [MainThread]: python path: C:\Users\andy-\anaconda3\envs\finance_pipeline\python.exe
[0m12:57:41.433286 [info ] [MainThread]: os info: Windows-10-10.0.26200-SP0
[0m12:57:41.483239 [info ] [MainThread]: Using profiles dir at C:\Users\andy-\.dbt
[0m12:57:41.484238 [info ] [MainThread]: Using profiles.yml file at C:\Users\andy-\.dbt\profiles.yml
[0m12:57:41.484238 [info ] [MainThread]: Using dbt_project.yml file at C:\Users\andy-\Desktop\Personal Finance Pipeline\finance_pipeline\dbt\dbt_project.yml
[0m12:57:41.485742 [info ] [MainThread]: adapter type: postgres
[0m12:57:41.486746 [info ] [MainThread]: adapter version: 1.10.0
[0m12:57:41.487747 [info ] [MainThread]: Configuration:
[0m12:57:41.487747 [info ] [MainThread]:   profiles.yml file [[32mOK found and valid[0m]
[0m12:57:41.488746 [info ] [MainThread]:   dbt_project.yml file [[31mERROR not found[0m]
[0m12:57:41.488746 [info ] [MainThread]: Required dependencies:
[0m12:57:41.489747 [debug] [MainThread]: Executing "git --help"
[0m12:57:41.532460 [debug] [MainThread]: STDOUT: "b"usage: git [--version] [--help] [-C <path>] [-c <name>=<value>]\n           [--exec-path[=<path>]] [--html-path] [--man-path] [--info-path]\n           [-p | --paginate | -P | --no-pager] [--no-replace-objects] [--bare]\n           [--git-dir=<path>] [--work-tree=<path>] [--namespace=<name>]\n           [--super-prefix=<path>] [--config-env=<name>=<envvar>]\n           <command> [<args>]\n\nThese are common Git commands used in various situations:\n\nstart a working area (see also: git help tutorial)\n   clone     Clone a repository into a new directory\n   init      Create an empty Git repository or reinitialize an existing one\n\nwork on the current change (see also: git help everyday)\n   add       Add file contents to the index\n   mv        Move or rename a file, a directory, or a symlink\n   restore   Restore working tree files\n   rm        Remove files from the working tree and from the index\n\nexamine the history and state (see also: git help revisions)\n   bisect    Use binary search to find the commit that introduced a bug\n   diff      Show changes between commits, commit and working tree, etc\n   grep      Print lines matching a pattern\n   log       Show commit logs\n   show      Show various types of objects\n   status    Show the working tree status\n\ngrow, mark and tweak your common history\n   branch    List, create, or delete branches\n   commit    Record changes to the repository\n   merge     Join two or more development histories together\n   rebase    Reapply commits on top of another base tip\n   reset     Reset current HEAD to the specified state\n   switch    Switch branches\n   tag       Create, list, delete or verify a tag object signed with GPG\n\ncollaborate (see also: git help workflows)\n   fetch     Download objects and refs from another repository\n   pull      Fetch from and integrate with another repository or a local branch\n   push      Update remote refs along with associated objects\n\n'git help -a' and 'git help -g' list available subcommands and some\nconcept guides. See 'git help <command>' or 'git help <concept>'\nto read about a specific subcommand or concept.\nSee 'git help git' for an overview of the system.\n""
[0m12:57:41.533460 [debug] [MainThread]: STDERR: "b''"
[0m12:57:41.533460 [info ] [MainThread]:  - git [[32mOK found[0m]

[0m12:57:41.534460 [info ] [MainThread]: Connection:
[0m12:57:41.534460 [info ] [MainThread]:   host: localhost
[0m12:57:41.534460 [info ] [MainThread]:   port: 5432
[0m12:57:41.535965 [info ] [MainThread]:   user: postgres
[0m12:57:41.535965 [info ] [MainThread]:   database: financial_pipeline
[0m12:57:41.537486 [info ] [MainThread]:   schema: analytics
[0m12:57:41.537486 [info ] [MainThread]:   connect_timeout: 10
[0m12:57:41.538490 [info ] [MainThread]:   role: None
[0m12:57:41.538490 [info ] [MainThread]:   search_path: None
[0m12:57:41.539492 [info ] [MainThread]:   keepalives_idle: 0
[0m12:57:41.539492 [info ] [MainThread]:   sslmode: None
[0m12:57:41.540491 [info ] [MainThread]:   sslcert: None
[0m12:57:41.540491 [info ] [MainThread]:   sslkey: None
[0m12:57:41.541491 [info ] [MainThread]:   sslrootcert: None
[0m12:57:41.542495 [info ] [MainThread]:   application_name: dbt
[0m12:57:41.542495 [info ] [MainThread]:   retries: 1
[0m12:57:41.543491 [info ] [MainThread]: Registered adapter: postgres=1.10.0
[0m12:57:41.805630 [debug] [MainThread]: Acquiring new postgres connection 'debug'
[0m12:57:42.096096 [debug] [MainThread]: Using postgres connection "debug"
[0m12:57:42.097106 [debug] [MainThread]: On debug: select 1 as id
[0m12:57:42.097106 [debug] [MainThread]: Opening a new connection, currently in state init
[0m12:57:42.167274 [debug] [MainThread]: SQL status: SELECT 1 in 0.070 seconds
[0m12:57:42.168273 [debug] [MainThread]: On debug: Close
[0m12:57:42.169274 [info ] [MainThread]:   Connection test: [[32mOK connection ok[0m]

[0m12:57:42.169274 [info ] [MainThread]: [31m1 check failed:[0m
[0m12:57:42.170274 [info ] [MainThread]: Project loading failed for the following reason:
 project path <C:\Users\andy-\Desktop\Personal Finance Pipeline\finance_pipeline\dbt\dbt_project.yml> not found

[0m12:57:42.171779 [debug] [MainThread]: Command `dbt debug` failed at 12:57:42.170274 after 0.84 seconds
[0m12:57:42.171779 [debug] [MainThread]: Connection 'debug' was properly closed.
[0m12:57:42.172786 [debug] [MainThread]: Sending event: {'category': 'dbt', 'action': 'invocation', 'label': 'end', 'context': [<snowplow_tracker.self_describing_json.SelfDescribingJson object at 0x0000016ADC852E10>, <snowplow_tracker.self_describing_json.SelfDescribingJson object at 0x0000016ADC852A90>, <snowplow_tracker.self_describing_json.SelfDescribingJson object at 0x0000016ADC852F10>]}
[0m12:57:42.172786 [debug] [MainThread]: Flushing usage events
[0m12:57:42.589721 [debug] [MainThread]: An error was encountered while trying to flush usage events
